<?xml version="1.0" encoding="UTF-8"?>
<testng-results ignored="0" total="18" passed="18" failed="0" skipped="0">
  <reporter-output>
  </reporter-output>
  <suite started-at="2023-07-09T00:49:13 EDT" name="Suite" finished-at="2023-07-09T00:49:14 EDT" duration-ms="600">
    <groups>
    </groups>
    <test started-at="2023-07-09T00:49:13 EDT" name="Tests" finished-at="2023-07-09T00:49:14 EDT" duration-ms="600">
      <class name="tests.UpdateBoardName">
        <test-method is-config="true" signature="updateBoard()[pri:0, instance:tests.UpdateBoardName@438c9aa7]" started-at="2023-07-09T00:49:13 EDT" name="updateBoard" finished-at="2023-07-09T00:49:13 EDT" duration-ms="252" status="PASS">
          <reporter-output>
          </reporter-output>
        </test-method> <!-- updateBoard -->
        <test-method signature="verifyNameUpdateforUpdateBoardName()[pri:0, instance:tests.UpdateBoardName@438c9aa7]" started-at="2023-07-09T00:49:13 EDT" name="verifyNameUpdateforUpdateBoardName" finished-at="2023-07-09T00:49:13 EDT" duration-ms="1" status="PASS">
          <reporter-output>
          </reporter-output>
        </test-method> <!-- verifyNameUpdateforUpdateBoardName -->
        <test-method signature="verifyStatusCodeforUpdateBoardName()[pri:0, instance:tests.UpdateBoardName@438c9aa7]" started-at="2023-07-09T00:49:13 EDT" name="verifyStatusCodeforUpdateBoardName" finished-at="2023-07-09T00:49:13 EDT" duration-ms="1" status="PASS">
          <reporter-output>
          </reporter-output>
        </test-method> <!-- verifyStatusCodeforUpdateBoardName -->
        <test-method signature="verifyStatusLineforUpdateBoardName()[pri:0, instance:tests.UpdateBoardName@438c9aa7]" started-at="2023-07-09T00:49:13 EDT" name="verifyStatusLineforUpdateBoardName" finished-at="2023-07-09T00:49:13 EDT" duration-ms="0" status="PASS">
          <reporter-output>
          </reporter-output>
        </test-method> <!-- verifyStatusLineforUpdateBoardName -->
      </class> <!-- tests.UpdateBoardName -->
      <class name="tests.GetBoard">
        <test-method is-config="true" signature="getBoard()[pri:0, instance:tests.GetBoard@6ccac6f4]" started-at="2023-07-09T00:49:13 EDT" name="getBoard" finished-at="2023-07-09T00:49:13 EDT" duration-ms="205" status="PASS">
          <reporter-output>
          </reporter-output>
        </test-method> <!-- getBoard -->
        <test-method signature="verifyBoardNameforGetBoard()[pri:0, instance:tests.GetBoard@6ccac6f4]" started-at="2023-07-09T00:49:13 EDT" name="verifyBoardNameforGetBoard" finished-at="2023-07-09T00:49:13 EDT" duration-ms="8" status="PASS">
          <reporter-output>
          </reporter-output>
        </test-method> <!-- verifyBoardNameforGetBoard -->
        <test-method signature="verifyStatusCodeforGetBoard()[pri:0, instance:tests.GetBoard@6ccac6f4]" started-at="2023-07-09T00:49:13 EDT" name="verifyStatusCodeforGetBoard" finished-at="2023-07-09T00:49:13 EDT" duration-ms="1" status="PASS">
          <reporter-output>
          </reporter-output>
        </test-method> <!-- verifyStatusCodeforGetBoard -->
        <test-method signature="verifyStatusLineforGetBoard()[pri:0, instance:tests.GetBoard@6ccac6f4]" started-at="2023-07-09T00:49:13 EDT" name="verifyStatusLineforGetBoard" finished-at="2023-07-09T00:49:13 EDT" duration-ms="2" status="PASS">
          <reporter-output>
          </reporter-output>
        </test-method> <!-- verifyStatusLineforGetBoard -->
      </class> <!-- tests.GetBoard -->
      <class name="tests.GetLists">
        <test-method is-config="true" signature="getLists()[pri:0, instance:tests.GetLists@3453acd2]" started-at="2023-07-09T00:49:13 EDT" name="getLists" finished-at="2023-07-09T00:49:14 EDT" duration-ms="580" status="PASS">
          <reporter-output>
          </reporter-output>
        </test-method> <!-- getLists -->
        <test-method signature="verifyStatusCodeforGetLists()[pri:0, instance:tests.GetLists@3453acd2]" started-at="2023-07-09T00:49:14 EDT" name="verifyStatusCodeforGetLists" finished-at="2023-07-09T00:49:14 EDT" duration-ms="1" status="PASS">
          <reporter-output>
          </reporter-output>
        </test-method> <!-- verifyStatusCodeforGetLists -->
        <test-method signature="verifyStatusLineforGetLists()[pri:0, instance:tests.GetLists@3453acd2]" started-at="2023-07-09T00:49:14 EDT" name="verifyStatusLineforGetLists" finished-at="2023-07-09T00:49:14 EDT" duration-ms="1" status="PASS">
          <reporter-output>
          </reporter-output>
        </test-method> <!-- verifyStatusLineforGetLists -->
      </class> <!-- tests.GetLists -->
      <class name="tests.CreateCard">
        <test-method is-config="true" signature="createCard()[pri:0, instance:tests.CreateCard@56c8e6f0]" started-at="2023-07-09T00:49:13 EDT" name="createCard" finished-at="2023-07-09T00:49:13 EDT" duration-ms="319" status="PASS">
          <reporter-output>
          </reporter-output>
        </test-method> <!-- createCard -->
        <test-method signature="verifyStatusCodeforCardCreation()[pri:0, instance:tests.CreateCard@56c8e6f0]" started-at="2023-07-09T00:49:13 EDT" name="verifyStatusCodeforCardCreation" finished-at="2023-07-09T00:49:13 EDT" duration-ms="0" status="PASS">
          <reporter-output>
          </reporter-output>
        </test-method> <!-- verifyStatusCodeforCardCreation -->
        <test-method signature="verifyStatusLineforCardCreation()[pri:0, instance:tests.CreateCard@56c8e6f0]" started-at="2023-07-09T00:49:13 EDT" name="verifyStatusLineforCardCreation" finished-at="2023-07-09T00:49:13 EDT" duration-ms="1" status="PASS">
          <reporter-output>
          </reporter-output>
        </test-method> <!-- verifyStatusLineforCardCreation -->
      </class> <!-- tests.CreateCard -->
      <class name="tests.CreateBoard">
        <test-method is-config="true" signature="postBoard()[pri:0, instance:tests.CreateBoard@4733f6f5]" started-at="2023-07-09T00:49:13 EDT" name="postBoard" finished-at="2023-07-09T00:49:13 EDT" duration-ms="345" status="PASS">
          <reporter-output>
          </reporter-output>
        </test-method> <!-- postBoard -->
        <test-method signature="verifyStatusCodeforBoardCreation()[pri:0, instance:tests.CreateBoard@4733f6f5]" started-at="2023-07-09T00:49:13 EDT" name="verifyStatusCodeforBoardCreation" finished-at="2023-07-09T00:49:13 EDT" duration-ms="1" status="PASS">
          <reporter-output>
          </reporter-output>
        </test-method> <!-- verifyStatusCodeforBoardCreation -->
        <test-method signature="verifyStatusLineforBoardCreation()[pri:0, instance:tests.CreateBoard@4733f6f5]" started-at="2023-07-09T00:49:13 EDT" name="verifyStatusLineforBoardCreation" finished-at="2023-07-09T00:49:13 EDT" duration-ms="2" status="PASS">
          <reporter-output>
          </reporter-output>
        </test-method> <!-- verifyStatusLineforBoardCreation -->
      </class> <!-- tests.CreateBoard -->
      <class name="tests.UpdateList">
        <test-method is-config="true" signature="updateList()[pri:0, instance:tests.UpdateList@6c8f60f3]" started-at="2023-07-09T00:49:13 EDT" name="updateList" finished-at="2023-07-09T00:49:13 EDT" duration-ms="232" status="PASS">
          <reporter-output>
          </reporter-output>
        </test-method> <!-- updateList -->
        <test-method signature="verifyNameUpdateforUpdateList()[pri:0, instance:tests.UpdateList@6c8f60f3]" started-at="2023-07-09T00:49:13 EDT" name="verifyNameUpdateforUpdateList" finished-at="2023-07-09T00:49:13 EDT" duration-ms="1" status="PASS">
          <reporter-output>
          </reporter-output>
        </test-method> <!-- verifyNameUpdateforUpdateList -->
        <test-method signature="verifyStatusCodeforUpdateList()[pri:0, instance:tests.UpdateList@6c8f60f3]" started-at="2023-07-09T00:49:13 EDT" name="verifyStatusCodeforUpdateList" finished-at="2023-07-09T00:49:13 EDT" duration-ms="1" status="PASS">
          <reporter-output>
          </reporter-output>
        </test-method> <!-- verifyStatusCodeforUpdateList -->
        <test-method signature="verifyStatusLineforUpdateList()[pri:0, instance:tests.UpdateList@6c8f60f3]" started-at="2023-07-09T00:49:13 EDT" name="verifyStatusLineforUpdateList" finished-at="2023-07-09T00:49:13 EDT" duration-ms="1" status="PASS">
          <reporter-output>
          </reporter-output>
        </test-method> <!-- verifyStatusLineforUpdateList -->
      </class> <!-- tests.UpdateList -->
      <class name="tests.DeleteCard">
        <test-method is-config="true" signature="deleteCard()[pri:0, instance:tests.DeleteCard@71b6172c]" started-at="2023-07-09T00:49:13 EDT" name="deleteCard" finished-at="2023-07-09T00:49:14 EDT" duration-ms="463" status="PASS">
          <reporter-output>
          </reporter-output>
        </test-method> <!-- deleteCard -->
        <test-method signature="verifyStatusCodeforDeleteCard()[pri:0, instance:tests.DeleteCard@71b6172c]" started-at="2023-07-09T00:49:14 EDT" name="verifyStatusCodeforDeleteCard" finished-at="2023-07-09T00:49:14 EDT" duration-ms="1" status="PASS">
          <reporter-output>
          </reporter-output>
        </test-method> <!-- verifyStatusCodeforDeleteCard -->
        <test-method signature="verifyStatusLineforDeleteCard()[pri:0, instance:tests.DeleteCard@71b6172c]" started-at="2023-07-09T00:49:14 EDT" name="verifyStatusLineforDeleteCard" finished-at="2023-07-09T00:49:14 EDT" duration-ms="1" status="PASS">
          <reporter-output>
          </reporter-output>
        </test-method> <!-- verifyStatusLineforDeleteCard -->
        <test-method signature="verifycardNotPresentforDeleteCard()[pri:0, instance:tests.DeleteCard@71b6172c]" started-at="2023-07-09T00:49:14 EDT" name="verifycardNotPresentforDeleteCard" finished-at="2023-07-09T00:49:14 EDT" duration-ms="0" status="PASS">
          <reporter-output>
          </reporter-output>
        </test-method> <!-- verifycardNotPresentforDeleteCard -->
      </class> <!-- tests.DeleteCard -->
    </test> <!-- Tests -->
  </suite> <!-- Suite -->
</testng-results>
