<?xml version="1.0" encoding="UTF-8"?>
<!-- Generated by org.testng.reporters.JUnitXMLReporter -->
<testsuite ignored="0" hostname="vipans-MBP" failures="0" tests="18" name="Tests" time="0.6" errors="0" timestamp="2023-07-09T00:49:14 EDT">
  <testcase classname="tests.GetBoard" name="verifyBoardNameforGetBoard" time="0.008"/>
  <testcase classname="tests.GetBoard" name="verifyStatusCodeforGetBoard" time="0.001"/>
  <testcase classname="tests.GetBoard" name="verifyStatusLineforGetBoard" time="0.002"/>
  <testcase classname="tests.UpdateList" name="verifyNameUpdateforUpdateList" time="0.001"/>
  <testcase classname="tests.UpdateList" name="verifyStatusCodeforUpdateList" time="0.001"/>
  <testcase classname="tests.UpdateList" name="verifyStatusLineforUpdateList" time="0.001"/>
  <testcase classname="tests.UpdateBoardName" name="verifyNameUpdateforUpdateBoardName" time="0.001"/>
  <testcase classname="tests.UpdateBoardName" name="verifyStatusCodeforUpdateBoardName" time="0.001"/>
  <testcase classname="tests.UpdateBoardName" name="verifyStatusLineforUpdateBoardName" time="0.0"/>
  <testcase classname="tests.CreateCard" name="verifyStatusCodeforCardCreation" time="0.0"/>
  <testcase classname="tests.CreateCard" name="verifyStatusLineforCardCreation" time="0.001"/>
  <testcase classname="tests.CreateBoard" name="verifyStatusCodeforBoardCreation" time="0.001"/>
  <testcase classname="tests.CreateBoard" name="verifyStatusLineforBoardCreation" time="0.002"/>
  <testcase classname="tests.DeleteCard" name="verifyStatusCodeforDeleteCard" time="0.001"/>
  <testcase classname="tests.DeleteCard" name="verifyStatusLineforDeleteCard" time="0.001"/>
  <testcase classname="tests.DeleteCard" name="verifycardNotPresentforDeleteCard" time="0.0"/>
  <testcase classname="tests.GetLists" name="verifyStatusCodeforGetLists" time="0.001"/>
  <testcase classname="tests.GetLists" name="verifyStatusLineforGetLists" time="0.001"/>
</testsuite> <!-- Tests -->
